<?xml version="1.0" encoding="UTF-8"?>
<!-- Generated by org.testng.reporters.JUnitReportReporter -->
<testsuite skipped="0" hostname="DESKTOP-9A3H348" name="demoWebShop.ShoppingCartTest" tests="1" failures="0" timestamp="2022-08-24T08:22:04 IST" time="12.239" errors="0">
  <testcase name="shoppingCart" time="12.239" classname="demoWebShop.ShoppingCartTest"/>
  <system-out/>
</testsuite> <!-- demoWebShop.ShoppingCartTest -->
