<?xml version="1.0" encoding="UTF-8"?>
<!-- Generated by org.testng.reporters.JUnitReportReporter -->
<testsuite skipped="0" hostname="DESKTOP-9A3H348" name="demoWebShopPOM.LoginCaseTest" tests="1" failures="0" timestamp="2022-08-24T15:31:52 IST" time="0.757" errors="0">
  <testcase name="testCase1" time="0.757" classname="demoWebShopPOM.LoginCaseTest"/>
  <system-out/>
</testsuite> <!-- demoWebShopPOM.LoginCaseTest -->
