<?xml version="1.0" encoding="UTF-8"?>
<!-- Generated by org.testng.reporters.JUnitReportReporter -->
<testsuite skipped="0" hostname="DESKTOP-9A3H348" name="demoWebShop.LoginTestCase" tests="2" failures="0" timestamp="2022-08-24T11:23:35 IST" time="4.399" errors="0">
  <testcase name="testcase1" time="3.682" classname="demoWebShop.LoginTestCase"/>
  <system-out/>
  <testcase name="testCase1" time="0.717" classname="demoWebShop.LoginTestCase"/>
  <system-out/>
</testsuite> <!-- demoWebShop.LoginTestCase -->
