<?xml version="1.0" encoding="UTF-8"?>
<!-- Generated by org.testng.reporters.JUnitReportReporter -->
<testsuite skipped="0" hostname="DESKTOP-9A3H348" name="demoWebShopPOM.RegisterTestCase" tests="2" failures="0" timestamp="2022-08-24T12:22:46 IST" time="5.232" errors="0">
  <testcase name="testcase1" time="3.478" classname="demoWebShopPOM.RegisterTestCase"/>
  <system-out/>
  <testcase name="registerTest" time="1.754" classname="demoWebShopPOM.RegisterTestCase"/>
  <system-out/>
</testsuite> <!-- demoWebShopPOM.RegisterTestCase -->
