<?xml version="1.0" encoding="UTF-8"?>
<!-- Generated by org.testng.reporters.JUnitReportReporter -->
<testsuite skipped="0" hostname="DESKTOP-9A3H348" name="demoWebShop.LoginTest" tests="1" failures="0" timestamp="2022-08-23T16:56:42 IST" time="8.634" errors="0">
  <testcase name="loginTestCase" time="8.634" classname="demoWebShop.LoginTest"/>
  <system-out/>
</testsuite> <!-- demoWebShop.LoginTest -->
