<?xml version="1.0" encoding="UTF-8"?>
<!-- Generated by org.testng.reporters.JUnitReportReporter -->
<testsuite skipped="0" hostname="DESKTOP-9A3H348" name="demoWebShop.RegisterTest" tests="1" failures="0" timestamp="2022-08-23T16:53:41 IST" time="9.859" errors="0">
  <testcase name="register" time="9.859" classname="demoWebShop.RegisterTest"/>
  <system-out/>
</testsuite> <!-- demoWebShop.RegisterTest -->
